#! /c/Source/iverilog-install/bin/vvp
:ivl_version "12.0 (devel)" "(s20150603-1539-g2693dd32b)";
:ivl_delay_selection "TYPICAL";
:vpi_time_precision + 0;
:vpi_module "C:\iverilog\lib\ivl\system.vpi";
:vpi_module "C:\iverilog\lib\ivl\vhdl_sys.vpi";
:vpi_module "C:\iverilog\lib\ivl\vhdl_textio.vpi";
:vpi_module "C:\iverilog\lib\ivl\v2005_math.vpi";
:vpi_module "C:\iverilog\lib\ivl\va_math.vpi";
S_00000232b2f72df0 .scope module, "K_maps" "K_maps" 2 2;
 .timescale 0 0;
    .port_info 0 /INPUT 1 "A";
    .port_info 1 /INPUT 1 "B";
    .port_info 2 /INPUT 1 "C";
    .port_info 3 /INPUT 1 "D";
    .port_info 4 /OUTPUT 1 "OUT";
o00000232b2fa6fd8 .functor BUFZ 1, C4<z>; HiZ drive
o00000232b2fa7068 .functor BUFZ 1, C4<z>; HiZ drive
L_00000232b2f73600 .functor AND 1, o00000232b2fa6fd8, o00000232b2fa7068, C4<1>, C4<1>;
o00000232b2fa7008 .functor BUFZ 1, C4<z>; HiZ drive
L_00000232b2f73760 .functor AND 1, o00000232b2fa7008, L_00000232b2f738c0, o00000232b2fa7068, C4<1>;
o00000232b2fa7038 .functor BUFZ 1, C4<z>; HiZ drive
L_00000232b2f738c0 .functor NOT 1, o00000232b2fa7038, C4<0>, C4<0>, C4<0>;
L_00000232b2f5ecd0 .functor AND 1, L_00000232b2f5ed40, L_00000232b2f5edb0, L_00000232b2f5ee20, C4<1>;
L_00000232b2f5ed40 .functor NOT 1, o00000232b2fa6fd8, C4<0>, C4<0>, C4<0>;
L_00000232b2f5edb0 .functor NOT 1, o00000232b2fa7008, C4<0>, C4<0>, C4<0>;
L_00000232b2f5ee20 .functor NOT 1, o00000232b2fa7068, C4<0>, C4<0>, C4<0>;
L_00000232b2f5ee90 .functor OR 1, L_00000232b2f73600, L_00000232b2f73760, L_00000232b2f5ecd0, C4<0>;
v00000232b2f72f80_0 .net "A", 0 0, o00000232b2fa6fd8;  0 drivers
v00000232b2f73020_0 .net "B", 0 0, o00000232b2fa7008;  0 drivers
v00000232b2f730c0_0 .net "C", 0 0, o00000232b2fa7038;  0 drivers
v00000232b2f5e880_0 .net "D", 0 0, o00000232b2fa7068;  0 drivers
v00000232b2f5e920_0 .net "OUT", 0 0, L_00000232b2f5ee90;  1 drivers
v00000232b2f5e9c0_0 .net *"_ivl_2", 0 0, L_00000232b2f738c0;  1 drivers
v00000232b2f5ea60_0 .net *"_ivl_5", 0 0, L_00000232b2f5ed40;  1 drivers
v00000232b2f5eb00_0 .net *"_ivl_7", 0 0, L_00000232b2f5edb0;  1 drivers
v00000232b2f5eba0_0 .net *"_ivl_9", 0 0, L_00000232b2f5ee20;  1 drivers
v00000232b2fa27b0_0 .net "w1", 0 0, L_00000232b2f73600;  1 drivers
v00000232b2fa20d0_0 .net "w2", 0 0, L_00000232b2f73760;  1 drivers
v00000232b2fa2530_0 .net "w3", 0 0, L_00000232b2f5ecd0;  1 drivers
# The file index is used to find the file name in the following table.
:file_names 3;
    "N/A";
    "<interactive>";
    "contigeous_ass.v";
